rTSPPlayer/build/outputs/logs/manifest-merger-debug-report.txt
-- Merging decision tree log ---
manifest
ADDED from AndroidManifest.xml:2:1
	package
		ADDED from AndroidManifest.xml:3:5
		INJECTED from AndroidManifest.xml:0:0
		INJECTED from AndroidManifest.xml:0:0
	android:versionName
		ADDED from AndroidManifest.xml:5:5
	android:versionCode
		ADDED from AndroidManifest.xml:4:5
		INJECTED from AndroidManifest.xml:0:0
		INJECTED from AndroidManifest.xml:0:0
	xmlns:android
		ADDED from AndroidManifest.xml:2:11
uses-sdk
ADDED from AndroidManifest.xml:7:5
MERGED from RTSPPlayer-master:slidingMenu:unspecified:7:5
MERGED from com.android.support:appcompat-v7:19.1.0:18:5
	android:targetSdkVersion
		ADDED from AndroidManifest.xml:9:9
		INJECTED from AndroidManifest.xml:0:0
		INJECTED from AndroidManifest.xml:0:0
	android:minSdkVersion
		ADDED from AndroidManifest.xml:8:9
		INJECTED from AndroidManifest.xml:0:0
		INJECTED from AndroidManifest.xml:0:0
uses-permission#android.permission.MODIFY_AUDIO_SETTINGS
ADDED from AndroidManifest.xml:10:5
	android:name
		ADDED from AndroidManifest.xml:10:22
uses-permission#android.permission.INTERNET
ADDED from AndroidManifest.xml:11:5
	android:name
		ADDED from AndroidManifest.xml:11:22
uses-permission#android.permission.READ_PHONE_STATE
ADDED from AndroidManifest.xml:12:5
	android:name
		ADDED from AndroidManifest.xml:12:22
uses-permission#android.permission.READ_LOGS
ADDED from AndroidManifest.xml:13:5
	android:name
		ADDED from AndroidManifest.xml:13:22
uses-permission#android.permission.VIBRATE
ADDED from AndroidManifest.xml:14:5
	android:name
		ADDED from AndroidManifest.xml:14:22
uses-permission#android.permission.WRITE_EXTERNAL_STORAGE
ADDED from AndroidManifest.xml:15:5
	android:name
		ADDED from AndroidManifest.xml:15:22
uses-permission#android.permission.WRITE_SETTINGS
ADDED from AndroidManifest.xml:16:5
	android:name
		ADDED from AndroidManifest.xml:16:22
uses-permission#android.permission.WAKE_LOCK
ADDED from AndroidManifest.xml:17:5
	android:name
		ADDED from AndroidManifest.xml:17:22
uses-permission#android.permission.ACCESS_WIFI_STATE
ADDED from AndroidManifest.xml:18:5
	android:name
		ADDED from AndroidManifest.xml:18:22
uses-permission#android.permission.CHANGE_WIFI_STATE
ADDED from AndroidManifest.xml:19:2
	android:name
		ADDED from AndroidManifest.xml:19:19
uses-permission#android.permission.ACCESS_NETWORK_STATE
ADDED from AndroidManifest.xml:20:5
	android:name
		ADDED from AndroidManifest.xml:20:22
application
ADDED from AndroidManifest.xml:21:5
MERGED from com.android.support:appcompat-v7:19.1.0:19:5
	android:label
		ADDED from AndroidManifest.xml:25:9
	android:allowBackup
		ADDED from AndroidManifest.xml:23:9
	android:icon
		ADDED from AndroidManifest.xml:24:9
	android:theme
		ADDED from AndroidManifest.xml:26:9
	android:name
		ADDED from AndroidManifest.xml:22:9
activity#com.example.rtspplayer.MainActivity
ADDED from AndroidManifest.xml:27:9
	android:label
		ADDED from AndroidManifest.xml:29:13
	android:configChanges
		ADDED from AndroidManifest.xml:30:13
	android:name
		ADDED from AndroidManifest.xml:28:13
intent-filter#android.intent.action.MAIN+android.intent.category.LAUNCHER
ADDED from AndroidManifest.xml:31:13
action#android.intent.action.MAIN
ADDED from AndroidManifest.xml:32:17
	android:name
		ADDED from AndroidManifest.xml:32:25
category#android.intent.category.LAUNCHER
ADDED from AndroidManifest.xml:34:17
	android:name
		ADDED from AndroidManifest.xml:34:27
activity#com.example.rtspplayer.VideoPlayerActivity
ADDED from AndroidManifest.xml:37:9
	android:label
		ADDED from AndroidManifest.xml:39:13
	android:configChanges
		ADDED from AndroidManifest.xml:41:13
	android:theme
		ADDED from AndroidManifest.xml:40:13
	android:name
		ADDED from AndroidManifest.xml:38:13